[master b89b3df] 1706376233
 Committer: goelt2000@gmail.com <ec2-user@ip-172-31-61-73.ec2.internal>
Your name and email address were configured automatically based
on your username and hostname. Please check that they are accurate.
You can suppress this message by setting them explicitly:

    git config --global user.name "Your Name"
    git config --global user.email you@example.com

After doing this, you may fix the identity used for this commit with:

    git commit --amend --reset-author

 8 files changed, 36 insertions(+), 2 deletions(-)
 create mode 100644 .c9/metadata/environment/.c9/project.settings
 create mode 100644 .c9/metadata/environment/backupCron.sh
 create mode 100644 .c9/metadata/environment/~/.c9/user.settings
 create mode 100644 backupCron.log
 create mode 100755 backupCron.sh
branch 'master' set up to track 'origin/master'.
0
[master dad8232] 1706376601
 Committer: goelt2000@gmail.com <ec2-user@ip-172-31-61-73.ec2.internal>
Your name and email address were configured automatically based
on your username and hostname. Please check that they are accurate.
You can suppress this message by setting them explicitly:

    git config --global user.name "Your Name"
    git config --global user.email you@example.com

After doing this, you may fix the identity used for this commit with:

    git commit --amend --reset-author

 5 files changed, 24 insertions(+), 3 deletions(-)
 create mode 100644 test2
branch 'master' set up to track 'origin/master'.
0
[master 2fc04e4] 1706377501
 Committer: goelt2000@gmail.com <ec2-user@ip-172-31-61-73.ec2.internal>
Your name and email address were configured automatically based
on your username and hostname. Please check that they are accurate.
You can suppress this message by setting them explicitly:

    git config --global user.name "Your Name"
    git config --global user.email you@example.com

After doing this, you may fix the identity used for this commit with:

    git commit --amend --reset-author

 18 files changed, 60 insertions(+), 13 deletions(-)
 create mode 100644 .gitignore
 delete mode 100644 test2
branch 'master' set up to track 'origin/master'.
0
